<?xml version="1.0" encoding="UTF-8"?>
<!-- Generated by org.testng.reporters.JUnitReportReporter -->
<testsuite hostname="MengfeifeideMac-Mini.local" name="iosTest.LoginTest1" tests="1" failures="0" timestamp="17 May 2017 06:02:39 GMT" time="148.953" errors="0">
  <testcase name="loginFaildTest" time="148.953" classname="iosTest.LoginTest1"/>
</testsuite> <!-- iosTest.LoginTest1 -->
